Build started 12/12/2013 20:16:48.
     1>Project "C:\Users\Bryan\Documents\Uni Work\Computer and Network Systems\intel 8080 processor\Sim8080\Sim8080 - Copy\Sim8080\Sim8080\Sim8080.vcxproj" on node 2 (Build target(s)).
     1>ClCompile:
         C:\Program Files (x86)\Microsoft Visual Studio 12.0\VC\bin\CL.exe /c /ZI /nologo /W3 /WX- /Od /Oy- /D WIN32 /D _DEBUG /D _CONSOLE /D _UNICODE /D UNICODE /Gm /EHsc /RTC1 /MDd /GS /fp:precise /Zc:wchar_t /Zc:forScope /Yu"stdafx.h" /Fp"Debug\Sim8080.pch" /Fo"Debug\\" /Fd"Debug\vc120.pdb" /Gd /TP /analyze- /errorReport:prompt Sim8080.cpp
         Sim8080.cpp
     1>c:\users\bryan\documents\uni work\computer and network systems\intel 8080 processor\sim8080\sim8080 - copy\sim8080\sim8080\sim8080.cpp(678): warning C4554: '<<' : check operator precedence for possible error; use parentheses to clarify precedence
     1>c:\users\bryan\documents\uni work\computer and network systems\intel 8080 processor\sim8080\sim8080 - copy\sim8080\sim8080\sim8080.cpp(684): warning C4554: '<<' : check operator precedence for possible error; use parentheses to clarify precedence
     1>c:\users\bryan\documents\uni work\computer and network systems\intel 8080 processor\sim8080\sim8080 - copy\sim8080\sim8080\sim8080.cpp(690): warning C4554: '<<' : check operator precedence for possible error; use parentheses to clarify precedence
     1>c:\users\bryan\documents\uni work\computer and network systems\intel 8080 processor\sim8080\sim8080 - copy\sim8080\sim8080\sim8080.cpp(873): warning C4244: '=' : conversion from 'unsigned short' to 'unsigned char', possible loss of data
     1>c:\users\bryan\documents\uni work\computer and network systems\intel 8080 processor\sim8080\sim8080 - copy\sim8080\sim8080\sim8080.cpp(501): warning C4101: 'temp_byte' : unreferenced local variable
     1>c:\users\bryan\documents\uni work\computer and network systems\intel 8080 processor\sim8080\sim8080 - copy\sim8080\sim8080\sim8080.cpp(502): warning C4101: 'carry' : unreferenced local variable
     1>c:\users\bryan\documents\uni work\computer and network systems\intel 8080 processor\sim8080\sim8080 - copy\sim8080\sim8080\sim8080.cpp(499): warning C4101: 'hl' : unreferenced local variable
     1>c:\users\bryan\documents\uni work\computer and network systems\intel 8080 processor\sim8080\sim8080 - copy\sim8080\sim8080\sim8080.cpp(900): warning C4101: 'temp' : unreferenced local variable
     1>c:\users\bryan\documents\uni work\computer and network systems\intel 8080 processor\sim8080\sim8080 - copy\sim8080\sim8080\sim8080.cpp(2154): warning C4996: 'fopen': This function or variable may be unsafe. Consider using fopen_s instead. To disable deprecation, use _CRT_SECURE_NO_WARNINGS. See online help for details.
                 c:\program files (x86)\microsoft visual studio 12.0\vc\include\stdio.h(211) : see declaration of 'fopen'
     1>c:\users\bryan\documents\uni work\computer and network systems\intel 8080 processor\sim8080\sim8080 - copy\sim8080\sim8080\sim8080.cpp(2170): warning C4996: 'fopen': This function or variable may be unsafe. Consider using fopen_s instead. To disable deprecation, use _CRT_SECURE_NO_WARNINGS. See online help for details.
                 c:\program files (x86)\microsoft visual studio 12.0\vc\include\stdio.h(211) : see declaration of 'fopen'
     1>c:\users\bryan\documents\uni work\computer and network systems\intel 8080 processor\sim8080\sim8080 - copy\sim8080\sim8080\sim8080.cpp(2324): warning C4996: 'fopen': This function or variable may be unsafe. Consider using fopen_s instead. To disable deprecation, use _CRT_SECURE_NO_WARNINGS. See online help for details.
                 c:\program files (x86)\microsoft visual studio 12.0\vc\include\stdio.h(211) : see declaration of 'fopen'
     1>c:\users\bryan\documents\uni work\computer and network systems\intel 8080 processor\sim8080\sim8080 - copy\sim8080\sim8080\sim8080.cpp(2332): warning C4996: 'sscanf': This function or variable may be unsafe. Consider using sscanf_s instead. To disable deprecation, use _CRT_SECURE_NO_WARNINGS. See online help for details.
                 c:\program files (x86)\microsoft visual studio 12.0\vc\include\stdio.h(304) : see declaration of 'sscanf'
     1>c:\users\bryan\documents\uni work\computer and network systems\intel 8080 processor\sim8080\sim8080 - copy\sim8080\sim8080\sim8080.cpp(2336): warning C4996: 'sscanf': This function or variable may be unsafe. Consider using sscanf_s instead. To disable deprecation, use _CRT_SECURE_NO_WARNINGS. See online help for details.
                 c:\program files (x86)\microsoft visual studio 12.0\vc\include\stdio.h(304) : see declaration of 'sscanf'
     1>c:\users\bryan\documents\uni work\computer and network systems\intel 8080 processor\sim8080\sim8080 - copy\sim8080\sim8080\sim8080.cpp(2388): warning C4996: 'sprintf': This function or variable may be unsafe. Consider using sprintf_s instead. To disable deprecation, use _CRT_SECURE_NO_WARNINGS. See online help for details.
                 c:\program files (x86)\microsoft visual studio 12.0\vc\include\stdio.h(356) : see declaration of 'sprintf'
     1>c:\users\bryan\documents\uni work\computer and network systems\intel 8080 processor\sim8080\sim8080 - copy\sim8080\sim8080\sim8080.cpp(2400): warning C4996: 'sscanf': This function or variable may be unsafe. Consider using sscanf_s instead. To disable deprecation, use _CRT_SECURE_NO_WARNINGS. See online help for details.
                 c:\program files (x86)\microsoft visual studio 12.0\vc\include\stdio.h(304) : see declaration of 'sscanf'
     1>c:\users\bryan\documents\uni work\computer and network systems\intel 8080 processor\sim8080\sim8080 - copy\sim8080\sim8080\sim8080.cpp(2441): warning C4996: 'sscanf': This function or variable may be unsafe. Consider using sscanf_s instead. To disable deprecation, use _CRT_SECURE_NO_WARNINGS. See online help for details.
                 c:\program files (x86)\microsoft visual studio 12.0\vc\include\stdio.h(304) : see declaration of 'sscanf'
     1>c:\users\bryan\documents\uni work\computer and network systems\intel 8080 processor\sim8080\sim8080 - copy\sim8080\sim8080\sim8080.cpp(2445): warning C4996: 'sscanf': This function or variable may be unsafe. Consider using sscanf_s instead. To disable deprecation, use _CRT_SECURE_NO_WARNINGS. See online help for details.
                 c:\program files (x86)\microsoft visual studio 12.0\vc\include\stdio.h(304) : see declaration of 'sscanf'
     1>c:\users\bryan\documents\uni work\computer and network systems\intel 8080 processor\sim8080\sim8080 - copy\sim8080\sim8080\sim8080.cpp(2476): warning C4996: 'sprintf': This function or variable may be unsafe. Consider using sprintf_s instead. To disable deprecation, use _CRT_SECURE_NO_WARNINGS. See online help for details.
                 c:\program files (x86)\microsoft visual studio 12.0\vc\include\stdio.h(356) : see declaration of 'sprintf'
       Link:
         C:\Program Files (x86)\Microsoft Visual Studio 12.0\VC\bin\link.exe /ERRORREPORT:PROMPT /OUT:"C:\Users\Bryan\Documents\Uni Work\Computer and Network Systems\intel 8080 processor\Sim8080\Sim8080 - Copy\Sim8080\Debug\Sim8080.exe" /INCREMENTAL /NOLOGO kernel32.lib user32.lib gdi32.lib winspool.lib comdlg32.lib advapi32.lib shell32.lib ole32.lib oleaut32.lib uuid.lib odbc32.lib odbccp32.lib /MANIFEST /MANIFESTUAC:"level='asInvoker' uiAccess='false'" /manifest:embed /DEBUG /PDB:"C:\Users\Bryan\Documents\Uni Work\Computer and Network Systems\intel 8080 processor\Sim8080\Sim8080 - Copy\Sim8080\Debug\Sim8080.pdb" /SUBSYSTEM:CONSOLE /TLBID:1 /DYNAMICBASE /NXCOMPAT /IMPLIB:"C:\Users\Bryan\Documents\Uni Work\Computer and Network Systems\intel 8080 processor\Sim8080\Sim8080 - Copy\Sim8080\Debug\Sim8080.lib" /MACHINE:X86 /SAFESEH Debug\Sim8080.obj
         Debug\stdafx.obj
         Sim8080.vcxproj -> C:\Users\Bryan\Documents\Uni Work\Computer and Network Systems\intel 8080 processor\Sim8080\Sim8080 - Copy\Sim8080\Debug\Sim8080.exe
     1>Done Building Project "C:\Users\Bryan\Documents\Uni Work\Computer and Network Systems\intel 8080 processor\Sim8080\Sim8080 - Copy\Sim8080\Sim8080\Sim8080.vcxproj" (Build target(s)).

Build succeeded.

Time Elapsed 00:00:09.64
